<?xml version="1.0" encoding="UTF-8"?>
<testng-results ignored="20" total="44" passed="23" failed="1" skipped="0">
  <reporter-output>
    <line>
      <![CDATA[captureScreen method called]]>
    </line>
    <line>
      <![CDATA[<a href='C:\Users\coevy\IdeaProjects\BuyMeAutoV3\src\main\resources\screenShots\testLogin_23_01_2022_08_12_19.png'><img src='C:\Users\coevy\IdeaProjects\BuyMeAutoV3\src\main\resources\screenShots\testLogin_23_01_2022_08_12_19.png'height='100' width='100'/></a>]]>
    </line>
  </reporter-output>
  <suite started-at="2022-01-23T20:12:33 IST" name="Suite" finished-at="2022-01-23T20:13:05 IST" duration-ms="32324">
    <groups>
      <group name="dataDrivenTest">
        <method signature="NavBarPageTest.pickGiftFromInputBox(java.lang.String)[pri:2, instance:testcases.NavBarPageTest@687e99d8]" name="pickGiftFromInputBox" class="testcases.NavBarPageTest"/>
      </group> <!-- dataDrivenTest -->
    </groups>
    <test started-at="2022-01-23T20:12:33 IST" name="test" finished-at="2022-01-23T20:13:05 IST" duration-ms="32324">
      <class name="testcases.LoginPageTest">
        <test-method is-config="true" signature="beforeSuite()[pri:0, instance:testcases.LoginPageTest@757277dc]" started-at="2022-01-23T20:12:33 IST" name="beforeSuite" finished-at="2022-01-23T20:12:33 IST" duration-ms="0" status="PASS">
          <reporter-output>
          </reporter-output>
        </test-method> <!-- beforeSuite -->
      </class> <!-- testcases.LoginPageTest -->
      <class name="testcases.NavBarPageTest">
        <test-method is-config="true" signature="setup(java.lang.reflect.Method,java.lang.String)[pri:0, instance:testcases.NavBarPageTest@687e99d8]" started-at="2022-01-23T20:12:33 IST" name="setup" finished-at="2022-01-23T20:12:41 IST" duration-ms="7475" status="PASS">
          <params>
            <param index="0">
              <value>
                <![CDATA[public void testcases.NavBarPageTest.pickGiftFromInputBox(java.lang.String)]]>
              </value>
            </param>
            <param index="1">
              <value>
                <![CDATA[CHROME]]>
              </value>
            </param>
          </params>
          <reporter-output>
          </reporter-output>
        </test-method> <!-- setup -->
        <test-method signature="pickGiftFromInputBox(java.lang.String)[pri:2, instance:testcases.NavBarPageTest@687e99d8]" started-at="2022-01-23T20:12:41 IST" name="pickGiftFromInputBox" data-provider="searchBoxGift" finished-at="2022-01-23T20:12:41 IST" duration-ms="826" status="PASS">
          <params>
            <param index="0">
              <value>
                <![CDATA[sport]]>
              </value>
            </param>
          </params>
          <reporter-output>
          </reporter-output>
        </test-method> <!-- pickGiftFromInputBox -->
        <test-method is-config="true" signature="afterMethod(org.testng.ITestResult,java.lang.reflect.Method)[pri:0, instance:testcases.NavBarPageTest@687e99d8]" started-at="2022-01-23T20:12:41 IST" name="afterMethod" finished-at="2022-01-23T20:12:42 IST" duration-ms="132" status="PASS">
          <params>
            <param index="0">
              <value>
                <![CDATA[[TestResult name=pickGiftFromInputBox status=SUCCESS method=NavBarPageTest.pickGiftFromInputBox(java.lang.String)[pri:2, instance:testcases.NavBarPageTest@687e99d8] output={null}]]]>
              </value>
            </param>
            <param index="1">
              <value>
                <![CDATA[public void testcases.NavBarPageTest.pickGiftFromInputBox(java.lang.String)]]>
              </value>
            </param>
          </params>
          <reporter-output>
          </reporter-output>
        </test-method> <!-- afterMethod -->
        <test-method is-config="true" signature="setup(java.lang.reflect.Method,java.lang.String)[pri:0, instance:testcases.NavBarPageTest@687e99d8]" started-at="2022-01-23T20:12:42 IST" name="setup" finished-at="2022-01-23T20:12:48 IST" duration-ms="6456" status="PASS">
          <params>
            <param index="0">
              <value>
                <![CDATA[public void testcases.NavBarPageTest.pickGiftFromInputBox(java.lang.String)]]>
              </value>
            </param>
            <param index="1">
              <value>
                <![CDATA[CHROME]]>
              </value>
            </param>
          </params>
          <reporter-output>
          </reporter-output>
        </test-method> <!-- setup -->
        <test-method signature="pickGiftFromInputBox(java.lang.String)[pri:2, instance:testcases.NavBarPageTest@687e99d8]" started-at="2022-01-23T20:12:48 IST" name="pickGiftFromInputBox" data-provider="searchBoxGift" finished-at="2022-01-23T20:12:49 IST" duration-ms="885" status="PASS">
          <params>
            <param index="0">
              <value>
                <![CDATA[Extreme]]>
              </value>
            </param>
          </params>
          <reporter-output>
          </reporter-output>
        </test-method> <!-- pickGiftFromInputBox -->
        <test-method is-config="true" signature="afterMethod(org.testng.ITestResult,java.lang.reflect.Method)[pri:0, instance:testcases.NavBarPageTest@687e99d8]" started-at="2022-01-23T20:12:49 IST" name="afterMethod" finished-at="2022-01-23T20:12:49 IST" duration-ms="138" status="PASS">
          <params>
            <param index="0">
              <value>
                <![CDATA[[TestResult name=pickGiftFromInputBox status=SUCCESS method=NavBarPageTest.pickGiftFromInputBox(java.lang.String)[pri:2, instance:testcases.NavBarPageTest@687e99d8] output={null}]]]>
              </value>
            </param>
            <param index="1">
              <value>
                <![CDATA[public void testcases.NavBarPageTest.pickGiftFromInputBox(java.lang.String)]]>
              </value>
            </param>
          </params>
          <reporter-output>
          </reporter-output>
        </test-method> <!-- afterMethod -->
        <test-method is-config="true" signature="setup(java.lang.reflect.Method,java.lang.String)[pri:0, instance:testcases.NavBarPageTest@687e99d8]" started-at="2022-01-23T20:12:49 IST" name="setup" finished-at="2022-01-23T20:13:04 IST" duration-ms="15364" status="PASS">
          <params>
            <param index="0">
              <value>
                <![CDATA[public void testcases.NavBarPageTest.pickGiftFromInputBox(java.lang.String)]]>
              </value>
            </param>
            <param index="1">
              <value>
                <![CDATA[CHROME]]>
              </value>
            </param>
          </params>
          <reporter-output>
          </reporter-output>
        </test-method> <!-- setup -->
        <test-method signature="pickGiftFromInputBox(java.lang.String)[pri:2, instance:testcases.NavBarPageTest@687e99d8]" started-at="2022-01-23T20:13:04 IST" name="pickGiftFromInputBox" data-provider="searchBoxGift" finished-at="2022-01-23T20:13:05 IST" duration-ms="880" status="PASS">
          <params>
            <param index="0">
              <value>
                <![CDATA[wine]]>
              </value>
            </param>
          </params>
          <reporter-output>
          </reporter-output>
        </test-method> <!-- pickGiftFromInputBox -->
        <test-method is-config="true" signature="afterMethod(org.testng.ITestResult,java.lang.reflect.Method)[pri:0, instance:testcases.NavBarPageTest@687e99d8]" started-at="2022-01-23T20:13:05 IST" name="afterMethod" finished-at="2022-01-23T20:13:05 IST" duration-ms="167" status="PASS">
          <params>
            <param index="0">
              <value>
                <![CDATA[[TestResult name=pickGiftFromInputBox status=SUCCESS method=NavBarPageTest.pickGiftFromInputBox(java.lang.String)[pri:2, instance:testcases.NavBarPageTest@687e99d8] output={null}]]]>
              </value>
            </param>
            <param index="1">
              <value>
                <![CDATA[public void testcases.NavBarPageTest.pickGiftFromInputBox(java.lang.String)]]>
              </value>
            </param>
          </params>
          <reporter-output>
          </reporter-output>
        </test-method> <!-- afterMethod -->
      </class> <!-- testcases.NavBarPageTest -->
    </test> <!-- test -->
  </suite> <!-- Suite -->
  <suite started-at="2022-01-23T20:08:28 IST" name="All Test Suite" finished-at="2022-01-23T20:12:33 IST" duration-ms="244998">
    <groups>
      <group name="dataDrivenTest">
        <method signature="NavBarPageTest.pickGiftFromInputBox(java.lang.String)[pri:2, instance:testcases.NavBarPageTest@24313fcc]" name="pickGiftFromInputBox" class="testcases.NavBarPageTest"/>
      </group> <!-- dataDrivenTest -->
    </groups>
    <test started-at="2022-01-23T20:08:28 IST" name="C:/Users/coevy/IdeaProjects/BuyMeAutoV3" finished-at="2022-01-23T20:12:33 IST" duration-ms="244998">
      <class name="testcases.HowToSendPageTest">
        <test-method is-config="true" signature="setup(java.lang.reflect.Method,java.lang.String)[pri:0, instance:testcases.HowToSendPageTest@6c40365c]" started-at="2022-01-23T20:11:37 IST" name="setup" finished-at="2022-01-23T20:11:55 IST" duration-ms="17879" status="PASS">
          <params>
            <param index="0">
              <value>
                <![CDATA[public void testcases.HowToSendPageTest.setWhoToSendPage() throws java.lang.InterruptedException]]>
              </value>
            </param>
            <param index="1">
              <value>
                <![CDATA[CHROME]]>
              </value>
            </param>
          </params>
          <reporter-output>
          </reporter-output>
        </test-method> <!-- setup -->
        <test-method signature="setWhoToSendPage()[pri:5, instance:testcases.HowToSendPageTest@6c40365c]" started-at="2022-01-23T20:11:55 IST" name="setWhoToSendPage" finished-at="2022-01-23T20:12:00 IST" duration-ms="5600" status="PASS">
          <reporter-output>
          </reporter-output>
        </test-method> <!-- setWhoToSendPage -->
        <test-method is-config="true" signature="afterMethod(org.testng.ITestResult,java.lang.reflect.Method)[pri:0, instance:testcases.HowToSendPageTest@6c40365c]" started-at="2022-01-23T20:12:00 IST" name="afterMethod" finished-at="2022-01-23T20:12:00 IST" duration-ms="191" status="PASS">
          <params>
            <param index="0">
              <value>
                <![CDATA[[TestResult name=setWhoToSendPage status=SUCCESS method=HowToSendPageTest.setWhoToSendPage()[pri:5, instance:testcases.HowToSendPageTest@6c40365c] output={null}]]]>
              </value>
            </param>
            <param index="1">
              <value>
                <![CDATA[public void testcases.HowToSendPageTest.setWhoToSendPage() throws java.lang.InterruptedException]]>
              </value>
            </param>
          </params>
          <reporter-output>
          </reporter-output>
        </test-method> <!-- afterMethod -->
      </class> <!-- testcases.HowToSendPageTest -->
      <class name="testcases.HomePageTest">
        <test-method is-config="true" signature="beforeSuite()[pri:0, instance:testcases.HomePageTest@710f4dc7]" started-at="2022-01-23T20:08:28 IST" name="beforeSuite" finished-at="2022-01-23T20:08:28 IST" duration-ms="63" status="PASS">
          <reporter-output>
          </reporter-output>
        </test-method> <!-- beforeSuite -->
        <test-method is-config="true" signature="setup(java.lang.reflect.Method,java.lang.String)[pri:0, instance:testcases.HomePageTest@710f4dc7]" started-at="2022-01-23T20:08:28 IST" name="setup" finished-at="2022-01-23T20:08:42 IST" duration-ms="13935" status="PASS">
          <params>
            <param index="0">
              <value>
                <![CDATA[public void testcases.HomePageTest.verifySiteURL()]]>
              </value>
            </param>
            <param index="1">
              <value>
                <![CDATA[CHROME]]>
              </value>
            </param>
          </params>
          <reporter-output>
          </reporter-output>
        </test-method> <!-- setup -->
        <test-method signature="verifySiteURL()[pri:1, instance:testcases.HomePageTest@710f4dc7]" started-at="2022-01-23T20:08:42 IST" name="verifySiteURL" description="verify site url" finished-at="2022-01-23T20:08:42 IST" duration-ms="9" status="PASS">
          <reporter-output>
          </reporter-output>
        </test-method> <!-- verifySiteURL -->
        <test-method is-config="true" signature="afterMethod(org.testng.ITestResult,java.lang.reflect.Method)[pri:0, instance:testcases.HomePageTest@710f4dc7]" started-at="2022-01-23T20:08:42 IST" name="afterMethod" finished-at="2022-01-23T20:08:43 IST" duration-ms="568" status="PASS">
          <params>
            <param index="0">
              <value>
                <![CDATA[[TestResult name=verifySiteURL status=SUCCESS method=HomePageTest.verifySiteURL()[pri:1, instance:testcases.HomePageTest@710f4dc7] output={null}]]]>
              </value>
            </param>
            <param index="1">
              <value>
                <![CDATA[public void testcases.HomePageTest.verifySiteURL()]]>
              </value>
            </param>
          </params>
          <reporter-output>
          </reporter-output>
        </test-method> <!-- afterMethod -->
        <test-method is-config="true" signature="setup(java.lang.reflect.Method,java.lang.String)[pri:0, instance:testcases.HomePageTest@710f4dc7]" started-at="2022-01-23T20:08:43 IST" name="setup" finished-at="2022-01-23T20:08:47 IST" duration-ms="4594" status="PASS">
          <params>
            <param index="0">
              <value>
                <![CDATA[public void testcases.HomePageTest.verifyHomePageTitle()]]>
              </value>
            </param>
            <param index="1">
              <value>
                <![CDATA[CHROME]]>
              </value>
            </param>
          </params>
          <reporter-output>
          </reporter-output>
        </test-method> <!-- setup -->
        <test-method signature="verifyHomePageTitle()[pri:2, instance:testcases.HomePageTest@710f4dc7]" started-at="2022-01-23T20:08:47 IST" name="verifyHomePageTitle" description="verify HomePage title" finished-at="2022-01-23T20:08:47 IST" duration-ms="7" status="PASS">
          <reporter-output>
          </reporter-output>
        </test-method> <!-- verifyHomePageTitle -->
        <test-method is-config="true" signature="afterMethod(org.testng.ITestResult,java.lang.reflect.Method)[pri:0, instance:testcases.HomePageTest@710f4dc7]" started-at="2022-01-23T20:08:47 IST" name="afterMethod" finished-at="2022-01-23T20:08:47 IST" duration-ms="178" status="PASS">
          <params>
            <param index="0">
              <value>
                <![CDATA[[TestResult name=verifyHomePageTitle status=SUCCESS method=HomePageTest.verifyHomePageTitle()[pri:2, instance:testcases.HomePageTest@710f4dc7] output={null}]]]>
              </value>
            </param>
            <param index="1">
              <value>
                <![CDATA[public void testcases.HomePageTest.verifyHomePageTitle()]]>
              </value>
            </param>
          </params>
          <reporter-output>
          </reporter-output>
        </test-method> <!-- afterMethod -->
        <test-method is-config="true" signature="setup(java.lang.reflect.Method,java.lang.String)[pri:0, instance:testcases.HomePageTest@710f4dc7]" started-at="2022-01-23T20:08:47 IST" name="setup" finished-at="2022-01-23T20:08:52 IST" duration-ms="4581" status="PASS">
          <params>
            <param index="0">
              <value>
                <![CDATA[public void testcases.HomePageTest.verifyLogoPresent()]]>
              </value>
            </param>
            <param index="1">
              <value>
                <![CDATA[CHROME]]>
              </value>
            </param>
          </params>
          <reporter-output>
          </reporter-output>
        </test-method> <!-- setup -->
        <test-method signature="verifyLogoPresent()[pri:3, instance:testcases.HomePageTest@710f4dc7]" started-at="2022-01-23T20:08:52 IST" name="verifyLogoPresent" description="verify logo is present in HomePage" finished-at="2022-01-23T20:08:52 IST" duration-ms="75" status="PASS">
          <reporter-output>
          </reporter-output>
        </test-method> <!-- verifyLogoPresent -->
        <test-method is-config="true" signature="afterMethod(org.testng.ITestResult,java.lang.reflect.Method)[pri:0, instance:testcases.HomePageTest@710f4dc7]" started-at="2022-01-23T20:08:52 IST" name="afterMethod" finished-at="2022-01-23T20:08:52 IST" duration-ms="176" status="PASS">
          <params>
            <param index="0">
              <value>
                <![CDATA[[TestResult name=verifyLogoPresent status=SUCCESS method=HomePageTest.verifyLogoPresent()[pri:3, instance:testcases.HomePageTest@710f4dc7] output={null}]]]>
              </value>
            </param>
            <param index="1">
              <value>
                <![CDATA[public void testcases.HomePageTest.verifyLogoPresent()]]>
              </value>
            </param>
          </params>
          <reporter-output>
          </reporter-output>
        </test-method> <!-- afterMethod -->
      </class> <!-- testcases.HomePageTest -->
      <class name="testcases.SearchResultTest">
        <test-method is-config="true" signature="setup(java.lang.reflect.Method,java.lang.String)[pri:0, instance:testcases.SearchResultTest@7d20d0b]" started-at="2022-01-23T20:09:47 IST" name="setup" finished-at="2022-01-23T20:10:01 IST" duration-ms="14567" status="PASS">
          <params>
            <param index="0">
              <value>
                <![CDATA[public void testcases.SearchResultTest.verifySearchResultHeaderPage()]]>
              </value>
            </param>
            <param index="1">
              <value>
                <![CDATA[CHROME]]>
              </value>
            </param>
          </params>
          <reporter-output>
          </reporter-output>
        </test-method> <!-- setup -->
        <test-method signature="verifySearchResultHeaderPage()[pri:1, instance:testcases.SearchResultTest@7d20d0b]" started-at="2022-01-23T20:10:01 IST" name="verifySearchResultHeaderPage" description="Pick A gift Card from NavBar" finished-at="2022-01-23T20:10:03 IST" duration-ms="2210" status="PASS">
          <reporter-output>
          </reporter-output>
        </test-method> <!-- verifySearchResultHeaderPage -->
        <test-method is-config="true" signature="afterMethod(org.testng.ITestResult,java.lang.reflect.Method)[pri:0, instance:testcases.SearchResultTest@7d20d0b]" started-at="2022-01-23T20:10:03 IST" name="afterMethod" finished-at="2022-01-23T20:10:04 IST" duration-ms="137" status="PASS">
          <params>
            <param index="0">
              <value>
                <![CDATA[[TestResult name=verifySearchResultHeaderPage status=SUCCESS method=SearchResultTest.verifySearchResultHeaderPage()[pri:1, instance:testcases.SearchResultTest@7d20d0b] output={null}]]]>
              </value>
            </param>
            <param index="1">
              <value>
                <![CDATA[public void testcases.SearchResultTest.verifySearchResultHeaderPage()]]>
              </value>
            </param>
          </params>
          <reporter-output>
          </reporter-output>
        </test-method> <!-- afterMethod -->
        <test-method is-config="true" signature="setup(java.lang.reflect.Method,java.lang.String)[pri:0, instance:testcases.SearchResultTest@7d20d0b]" started-at="2022-01-23T20:10:04 IST" name="setup" finished-at="2022-01-23T20:10:10 IST" duration-ms="6580" status="PASS">
          <params>
            <param index="0">
              <value>
                <![CDATA[public void testcases.SearchResultTest.pickGiftCardFromTopCategories()]]>
              </value>
            </param>
            <param index="1">
              <value>
                <![CDATA[CHROME]]>
              </value>
            </param>
          </params>
          <reporter-output>
          </reporter-output>
        </test-method> <!-- setup -->
        <test-method signature="pickGiftCardFromTopCategories()[pri:2, instance:testcases.SearchResultTest@7d20d0b]" started-at="2022-01-23T20:10:10 IST" name="pickGiftCardFromTopCategories" description="Pick Gift Card from Top categories" finished-at="2022-01-23T20:10:11 IST" duration-ms="1220" status="PASS">
          <reporter-output>
          </reporter-output>
        </test-method> <!-- pickGiftCardFromTopCategories -->
        <test-method is-config="true" signature="afterMethod(org.testng.ITestResult,java.lang.reflect.Method)[pri:0, instance:testcases.SearchResultTest@7d20d0b]" started-at="2022-01-23T20:10:11 IST" name="afterMethod" finished-at="2022-01-23T20:10:12 IST" duration-ms="178" status="PASS">
          <params>
            <param index="0">
              <value>
                <![CDATA[[TestResult name=pickGiftCardFromTopCategories status=SUCCESS method=SearchResultTest.pickGiftCardFromTopCategories()[pri:2, instance:testcases.SearchResultTest@7d20d0b] output={null}]]]>
              </value>
            </param>
            <param index="1">
              <value>
                <![CDATA[public void testcases.SearchResultTest.pickGiftCardFromTopCategories()]]>
              </value>
            </param>
          </params>
          <reporter-output>
          </reporter-output>
        </test-method> <!-- afterMethod -->
        <test-method is-config="true" signature="setup(java.lang.reflect.Method,java.lang.String)[pri:0, instance:testcases.SearchResultTest@7d20d0b]" started-at="2022-01-23T20:10:12 IST" name="setup" finished-at="2022-01-23T20:10:19 IST" duration-ms="7368" status="PASS">
          <params>
            <param index="0">
              <value>
                <![CDATA[public void testcases.SearchResultTest.pickGiftFromMainCategories()]]>
              </value>
            </param>
            <param index="1">
              <value>
                <![CDATA[CHROME]]>
              </value>
            </param>
          </params>
          <reporter-output>
          </reporter-output>
        </test-method> <!-- setup -->
        <test-method signature="pickGiftFromMainCategories()[pri:3, instance:testcases.SearchResultTest@7d20d0b]" started-at="2022-01-23T20:10:19 IST" name="pickGiftFromMainCategories" description="Pick gift Card from main Categories" finished-at="2022-01-23T20:10:22 IST" duration-ms="2635" status="PASS">
          <reporter-output>
          </reporter-output>
        </test-method> <!-- pickGiftFromMainCategories -->
        <test-method is-config="true" signature="afterMethod(org.testng.ITestResult,java.lang.reflect.Method)[pri:0, instance:testcases.SearchResultTest@7d20d0b]" started-at="2022-01-23T20:10:22 IST" name="afterMethod" finished-at="2022-01-23T20:10:22 IST" duration-ms="121" status="PASS">
          <params>
            <param index="0">
              <value>
                <![CDATA[[TestResult name=pickGiftFromMainCategories status=SUCCESS method=SearchResultTest.pickGiftFromMainCategories()[pri:3, instance:testcases.SearchResultTest@7d20d0b] output={null}]]]>
              </value>
            </param>
            <param index="1">
              <value>
                <![CDATA[public void testcases.SearchResultTest.pickGiftFromMainCategories()]]>
              </value>
            </param>
          </params>
          <reporter-output>
          </reporter-output>
        </test-method> <!-- afterMethod -->
      </class> <!-- testcases.SearchResultTest -->
      <class name="testcases.EndToEnd">
        <test-method is-config="true" signature="setup(java.lang.reflect.Method,java.lang.String)[pri:0, instance:testcases.EndToEnd@131ef10]" started-at="2022-01-23T20:12:19 IST" name="setup" finished-at="2022-01-23T20:12:24 IST" duration-ms="4789" status="PASS">
          <params>
            <param index="0">
              <value>
                <![CDATA[public void testcases.EndToEnd.testProcess()]]>
              </value>
            </param>
            <param index="1">
              <value>
                <![CDATA[CHROME]]>
              </value>
            </param>
          </params>
          <reporter-output>
          </reporter-output>
        </test-method> <!-- setup -->
        <test-method signature="testProcess()[pri:0, instance:testcases.EndToEnd@131ef10]" started-at="2022-01-23T20:12:24 IST" name="testProcess" finished-at="2022-01-23T20:12:33 IST" duration-ms="8776" status="PASS">
          <reporter-output>
          </reporter-output>
        </test-method> <!-- testProcess -->
        <test-method is-config="true" signature="afterMethod(org.testng.ITestResult,java.lang.reflect.Method)[pri:0, instance:testcases.EndToEnd@131ef10]" started-at="2022-01-23T20:12:33 IST" name="afterMethod" finished-at="2022-01-23T20:12:33 IST" duration-ms="218" status="PASS">
          <params>
            <param index="0">
              <value>
                <![CDATA[[TestResult name=testProcess status=SUCCESS method=EndToEnd.testProcess()[pri:0, instance:testcases.EndToEnd@131ef10] output={null}]]]>
              </value>
            </param>
            <param index="1">
              <value>
                <![CDATA[public void testcases.EndToEnd.testProcess()]]>
              </value>
            </param>
          </params>
          <reporter-output>
          </reporter-output>
        </test-method> <!-- afterMethod -->
      </class> <!-- testcases.EndToEnd -->
      <class name="testcases.WhoToSendPageTest">
        <test-method is-config="true" signature="setup(java.lang.reflect.Method,java.lang.String)[pri:0, instance:testcases.WhoToSendPageTest@41a2befb]" started-at="2022-01-23T20:10:29 IST" name="setup" finished-at="2022-01-23T20:10:45 IST" duration-ms="16170" status="PASS">
          <params>
            <param index="0">
              <value>
                <![CDATA[public void testcases.WhoToSendPageTest.verifyWhoToSendPage()]]>
              </value>
            </param>
            <param index="1">
              <value>
                <![CDATA[CHROME]]>
              </value>
            </param>
          </params>
          <reporter-output>
          </reporter-output>
        </test-method> <!-- setup -->
        <test-method signature="verifyWhoToSendPage()[pri:0, instance:testcases.WhoToSendPageTest@41a2befb]" started-at="2022-01-23T20:10:45 IST" name="verifyWhoToSendPage" finished-at="2022-01-23T20:10:46 IST" duration-ms="193" status="PASS">
          <reporter-output>
          </reporter-output>
        </test-method> <!-- verifyWhoToSendPage -->
        <test-method is-config="true" signature="afterMethod(org.testng.ITestResult,java.lang.reflect.Method)[pri:0, instance:testcases.WhoToSendPageTest@41a2befb]" started-at="2022-01-23T20:10:46 IST" name="afterMethod" finished-at="2022-01-23T20:10:46 IST" duration-ms="124" status="PASS">
          <params>
            <param index="0">
              <value>
                <![CDATA[[TestResult name=verifyWhoToSendPage status=SUCCESS method=WhoToSendPageTest.verifyWhoToSendPage()[pri:0, instance:testcases.WhoToSendPageTest@41a2befb] output={null}]]]>
              </value>
            </param>
            <param index="1">
              <value>
                <![CDATA[public void testcases.WhoToSendPageTest.verifyWhoToSendPage()]]>
              </value>
            </param>
          </params>
          <reporter-output>
          </reporter-output>
        </test-method> <!-- afterMethod -->
        <test-method is-config="true" signature="setup(java.lang.reflect.Method,java.lang.String)[pri:0, instance:testcases.WhoToSendPageTest@41a2befb]" started-at="2022-01-23T20:10:46 IST" name="setup" finished-at="2022-01-23T20:10:54 IST" duration-ms="8324" status="PASS">
          <params>
            <param index="0">
              <value>
                <![CDATA[public void testcases.WhoToSendPageTest.VerifySomeoneElseCheckBox()]]>
              </value>
            </param>
            <param index="1">
              <value>
                <![CDATA[CHROME]]>
              </value>
            </param>
          </params>
          <reporter-output>
          </reporter-output>
        </test-method> <!-- setup -->
        <test-method signature="VerifySomeoneElseCheckBox()[pri:1, instance:testcases.WhoToSendPageTest@41a2befb]" started-at="2022-01-23T20:10:54 IST" name="VerifySomeoneElseCheckBox" finished-at="2022-01-23T20:10:54 IST" duration-ms="50" status="PASS">
          <reporter-output>
          </reporter-output>
        </test-method> <!-- VerifySomeoneElseCheckBox -->
        <test-method is-config="true" signature="afterMethod(org.testng.ITestResult,java.lang.reflect.Method)[pri:0, instance:testcases.WhoToSendPageTest@41a2befb]" started-at="2022-01-23T20:10:54 IST" name="afterMethod" finished-at="2022-01-23T20:10:54 IST" duration-ms="142" status="PASS">
          <params>
            <param index="0">
              <value>
                <![CDATA[[TestResult name=VerifySomeoneElseCheckBox status=SUCCESS method=WhoToSendPageTest.VerifySomeoneElseCheckBox()[pri:1, instance:testcases.WhoToSendPageTest@41a2befb] output={null}]]]>
              </value>
            </param>
            <param index="1">
              <value>
                <![CDATA[public void testcases.WhoToSendPageTest.VerifySomeoneElseCheckBox()]]>
              </value>
            </param>
          </params>
          <reporter-output>
          </reporter-output>
        </test-method> <!-- afterMethod -->
        <test-method is-config="true" signature="setup(java.lang.reflect.Method,java.lang.String)[pri:0, instance:testcases.WhoToSendPageTest@41a2befb]" started-at="2022-01-23T20:10:54 IST" name="setup" finished-at="2022-01-23T20:11:10 IST" duration-ms="15411" status="PASS">
          <params>
            <param index="0">
              <value>
                <![CDATA[public void testcases.WhoToSendPageTest.verifyForMySelfCheckBoxImgResponse()]]>
              </value>
            </param>
            <param index="1">
              <value>
                <![CDATA[CHROME]]>
              </value>
            </param>
          </params>
          <reporter-output>
          </reporter-output>
        </test-method> <!-- setup -->
        <test-method signature="verifyForMySelfCheckBoxImgResponse()[pri:2, instance:testcases.WhoToSendPageTest@41a2befb]" started-at="2022-01-23T20:11:10 IST" name="verifyForMySelfCheckBoxImgResponse" finished-at="2022-01-23T20:11:10 IST" duration-ms="301" status="PASS">
          <reporter-output>
          </reporter-output>
        </test-method> <!-- verifyForMySelfCheckBoxImgResponse -->
        <test-method is-config="true" signature="afterMethod(org.testng.ITestResult,java.lang.reflect.Method)[pri:0, instance:testcases.WhoToSendPageTest@41a2befb]" started-at="2022-01-23T20:11:10 IST" name="afterMethod" finished-at="2022-01-23T20:11:10 IST" duration-ms="178" status="PASS">
          <params>
            <param index="0">
              <value>
                <![CDATA[[TestResult name=verifyForMySelfCheckBoxImgResponse status=SUCCESS method=WhoToSendPageTest.verifyForMySelfCheckBoxImgResponse()[pri:2, instance:testcases.WhoToSendPageTest@41a2befb] output={null}]]]>
              </value>
            </param>
            <param index="1">
              <value>
                <![CDATA[public void testcases.WhoToSendPageTest.verifyForMySelfCheckBoxImgResponse()]]>
              </value>
            </param>
          </params>
          <reporter-output>
          </reporter-output>
        </test-method> <!-- afterMethod -->
        <test-method is-config="true" signature="setup(java.lang.reflect.Method,java.lang.String)[pri:0, instance:testcases.WhoToSendPageTest@41a2befb]" started-at="2022-01-23T20:11:10 IST" name="setup" finished-at="2022-01-23T20:11:20 IST" duration-ms="9842" status="PASS">
          <params>
            <param index="0">
              <value>
                <![CDATA[public void testcases.WhoToSendPageTest.verifyGiftPriceChange()]]>
              </value>
            </param>
            <param index="1">
              <value>
                <![CDATA[CHROME]]>
              </value>
            </param>
          </params>
          <reporter-output>
          </reporter-output>
        </test-method> <!-- setup -->
        <test-method signature="verifyGiftPriceChange()[pri:3, instance:testcases.WhoToSendPageTest@41a2befb]" started-at="2022-01-23T20:11:20 IST" name="verifyGiftPriceChange" finished-at="2022-01-23T20:11:20 IST" duration-ms="340" status="PASS">
          <reporter-output>
          </reporter-output>
        </test-method> <!-- verifyGiftPriceChange -->
        <test-method is-config="true" signature="afterMethod(org.testng.ITestResult,java.lang.reflect.Method)[pri:0, instance:testcases.WhoToSendPageTest@41a2befb]" started-at="2022-01-23T20:11:20 IST" name="afterMethod" finished-at="2022-01-23T20:11:20 IST" duration-ms="163" status="PASS">
          <params>
            <param index="0">
              <value>
                <![CDATA[[TestResult name=verifyGiftPriceChange status=SUCCESS method=WhoToSendPageTest.verifyGiftPriceChange()[pri:3, instance:testcases.WhoToSendPageTest@41a2befb] output={null}]]]>
              </value>
            </param>
            <param index="1">
              <value>
                <![CDATA[public void testcases.WhoToSendPageTest.verifyGiftPriceChange()]]>
              </value>
            </param>
          </params>
          <reporter-output>
          </reporter-output>
        </test-method> <!-- afterMethod -->
        <test-method is-config="true" signature="setup(java.lang.reflect.Method,java.lang.String)[pri:0, instance:testcases.WhoToSendPageTest@41a2befb]" started-at="2022-01-23T20:11:20 IST" name="setup" finished-at="2022-01-23T20:11:36 IST" duration-ms="15441" status="PASS">
          <params>
            <param index="0">
              <value>
                <![CDATA[public void testcases.WhoToSendPageTest.setWhoToSendPage()]]>
              </value>
            </param>
            <param index="1">
              <value>
                <![CDATA[CHROME]]>
              </value>
            </param>
          </params>
          <reporter-output>
          </reporter-output>
        </test-method> <!-- setup -->
        <test-method signature="setWhoToSendPage()[pri:4, instance:testcases.WhoToSendPageTest@41a2befb]" started-at="2022-01-23T20:11:36 IST" name="setWhoToSendPage" finished-at="2022-01-23T20:11:36 IST" duration-ms="638" status="PASS">
          <reporter-output>
          </reporter-output>
        </test-method> <!-- setWhoToSendPage -->
        <test-method is-config="true" signature="afterMethod(org.testng.ITestResult,java.lang.reflect.Method)[pri:0, instance:testcases.WhoToSendPageTest@41a2befb]" started-at="2022-01-23T20:11:36 IST" name="afterMethod" finished-at="2022-01-23T20:11:37 IST" duration-ms="138" status="PASS">
          <params>
            <param index="0">
              <value>
                <![CDATA[[TestResult name=setWhoToSendPage status=SUCCESS method=WhoToSendPageTest.setWhoToSendPage()[pri:4, instance:testcases.WhoToSendPageTest@41a2befb] output={null}]]]>
              </value>
            </param>
            <param index="1">
              <value>
                <![CDATA[public void testcases.WhoToSendPageTest.setWhoToSendPage()]]>
              </value>
            </param>
          </params>
          <reporter-output>
          </reporter-output>
        </test-method> <!-- afterMethod -->
      </class> <!-- testcases.WhoToSendPageTest -->
      <class name="testcases.LoginPageTest">
        <test-method is-config="true" signature="setup(java.lang.reflect.Method,java.lang.String)[pri:0, instance:testcases.LoginPageTest@7bedc48a]" started-at="2022-01-23T20:12:00 IST" name="setup" finished-at="2022-01-23T20:12:15 IST" duration-ms="14288" status="PASS">
          <params>
            <param index="0">
              <value>
                <![CDATA[public void testcases.LoginPageTest.testLogin()]]>
              </value>
            </param>
            <param index="1">
              <value>
                <![CDATA[CHROME]]>
              </value>
            </param>
          </params>
          <reporter-output>
          </reporter-output>
        </test-method> <!-- setup -->
        <test-method signature="testLogin()[pri:0, instance:testcases.LoginPageTest@7bedc48a]" started-at="2022-01-23T20:12:15 IST" name="testLogin" finished-at="2022-01-23T20:12:19 IST" duration-ms="4341" status="FAIL">
          <exception class="org.openqa.selenium.ElementClickInterceptedException">
            <message>
              <![CDATA[element click intercepted: Element <button id="ember2133" type="submit" gtm="המשך" class="ember-view bm-btn no-reverse main xl stretch">...</button> is not clickable at point (1234, 891). Other element would receive the click: <div class="bm-white-loading-screen fade-in">...</div>
  (Session info: chrome=97.0.4692.99)
Build info: version: '4.1.0', revision: '87802e897b'
System info: host: 'EVYATAR', ip: '192.168.1.102', os.name: 'Windows 10', os.arch: 'amd64', os.version: '10.0', java.version: '17.0.1'
Driver info: org.openqa.selenium.chrome.ChromeDriver
Command: [af52f710bc75ab9b37fbab4492c01634, clickElement {id=fc41bc14-a534-490c-9cd3-b2b3b7fb4910}]
Capabilities {acceptInsecureCerts: false, browserName: chrome, browserVersion: 97.0.4692.99, chrome: {chromedriverVersion: 97.0.4692.71 (adefa7837d02a..., userDataDir: C:\Users\coevy\AppData\Loca...}, goog:chromeOptions: {debuggerAddress: localhost:51596}, javascriptEnabled: true, networkConnectionEnabled: false, pageLoadStrategy: normal, platform: WINDOWS, platformName: WINDOWS, proxy: Proxy(), se:cdp: ws://localhost:51596/devtoo..., se:cdpVersion: 97.0.4692.99, setWindowRect: true, strictFileInteractability: false, timeouts: {implicit: 0, pageLoad: 300000, script: 30000}, unhandledPromptBehavior: dismiss and notify, webauthn:extension:credBlob: true, webauthn:extension:largeBlob: true, webauthn:virtualAuthenticators: true}
Element: [[ChromeDriver: chrome on WINDOWS (af52f710bc75ab9b37fbab4492c01634)] -> css selector: button[type='submit']]
Session ID: af52f710bc75ab9b37fbab4492c01634]]>
            </message>
            <full-stacktrace>
              <![CDATA[org.openqa.selenium.ElementClickInterceptedException: element click intercepted: Element <button id="ember2133" type="submit" gtm="המשך" class="ember-view bm-btn no-reverse main xl stretch">...</button> is not clickable at point (1234, 891). Other element would receive the click: <div class="bm-white-loading-screen fade-in">...</div>
  (Session info: chrome=97.0.4692.99)
Build info: version: '4.1.0', revision: '87802e897b'
System info: host: 'EVYATAR', ip: '192.168.1.102', os.name: 'Windows 10', os.arch: 'amd64', os.version: '10.0', java.version: '17.0.1'
Driver info: org.openqa.selenium.chrome.ChromeDriver
Command: [af52f710bc75ab9b37fbab4492c01634, clickElement {id=fc41bc14-a534-490c-9cd3-b2b3b7fb4910}]
Capabilities {acceptInsecureCerts: false, browserName: chrome, browserVersion: 97.0.4692.99, chrome: {chromedriverVersion: 97.0.4692.71 (adefa7837d02a..., userDataDir: C:\Users\coevy\AppData\Loca...}, goog:chromeOptions: {debuggerAddress: localhost:51596}, javascriptEnabled: true, networkConnectionEnabled: false, pageLoadStrategy: normal, platform: WINDOWS, platformName: WINDOWS, proxy: Proxy(), se:cdp: ws://localhost:51596/devtoo..., se:cdpVersion: 97.0.4692.99, setWindowRect: true, strictFileInteractability: false, timeouts: {implicit: 0, pageLoad: 300000, script: 30000}, unhandledPromptBehavior: dismiss and notify, webauthn:extension:credBlob: true, webauthn:extension:largeBlob: true, webauthn:virtualAuthenticators: true}
Element: [[ChromeDriver: chrome on WINDOWS (af52f710bc75ab9b37fbab4492c01634)] -> css selector: button[type='submit']]
Session ID: af52f710bc75ab9b37fbab4492c01634
at java.base/jdk.internal.reflect.NativeConstructorAccessorImpl.newInstance0(Native Method)
at java.base/jdk.internal.reflect.NativeConstructorAccessorImpl.newInstance(NativeConstructorAccessorImpl.java:77)
at java.base/jdk.internal.reflect.DelegatingConstructorAccessorImpl.newInstance(DelegatingConstructorAccessorImpl.java:45)
at java.base/java.lang.reflect.Constructor.newInstanceWithCaller(Constructor.java:499)
at java.base/java.lang.reflect.Constructor.newInstance(Constructor.java:480)
at org.openqa.selenium.remote.codec.w3c.W3CHttpResponseCodec.createException(W3CHttpResponseCodec.java:200)
at org.openqa.selenium.remote.codec.w3c.W3CHttpResponseCodec.decode(W3CHttpResponseCodec.java:133)
at org.openqa.selenium.remote.codec.w3c.W3CHttpResponseCodec.decode(W3CHttpResponseCodec.java:53)
at org.openqa.selenium.remote.HttpCommandExecutor.execute(HttpCommandExecutor.java:184)
at org.openqa.selenium.remote.service.DriverCommandExecutor.invokeExecute(DriverCommandExecutor.java:164)
at org.openqa.selenium.remote.service.DriverCommandExecutor.execute(DriverCommandExecutor.java:139)
at org.openqa.selenium.remote.RemoteWebDriver.execute(RemoteWebDriver.java:559)
at org.openqa.selenium.remote.RemoteWebElement.execute(RemoteWebElement.java:251)
at org.openqa.selenium.remote.RemoteWebElement.click(RemoteWebElement.java:77)
at jdk.internal.reflect.GeneratedMethodAccessor56.invoke(Unknown Source)
at java.base/jdk.internal.reflect.DelegatingMethodAccessorImpl.invoke(DelegatingMethodAccessorImpl.java:43)
at java.base/java.lang.reflect.Method.invoke(Method.java:568)
at org.openqa.selenium.support.pagefactory.internal.LocatingElementHandler.invoke(LocatingElementHandler.java:52)
at jdk.proxy2/jdk.proxy2.$Proxy17.click(Unknown Source)
at buymeObjects.WhoToSendPage.clickBtn(WhoToSendPage.java:108)
at buymeObjects.WhoToSendPage.sendAll(WhoToSendPage.java:73)
at testcases.LoginPageTest.testLogin(LoginPageTest.java:48)
at java.base/jdk.internal.reflect.NativeMethodAccessorImpl.invoke0(Native Method)
at java.base/jdk.internal.reflect.NativeMethodAccessorImpl.invoke(NativeMethodAccessorImpl.java:77)
at java.base/jdk.internal.reflect.DelegatingMethodAccessorImpl.invoke(DelegatingMethodAccessorImpl.java:43)
at java.base/java.lang.reflect.Method.invoke(Method.java:568)
at org.testng.internal.invokers.MethodInvocationHelper.invokeMethod(MethodInvocationHelper.java:135)
at org.testng.internal.invokers.TestInvoker.invokeMethod(TestInvoker.java:673)
at org.testng.internal.invokers.TestInvoker.invokeTestMethod(TestInvoker.java:220)
at org.testng.internal.invokers.MethodRunner.runInSequence(MethodRunner.java:50)
at org.testng.internal.invokers.TestInvoker$MethodInvocationAgent.invoke(TestInvoker.java:945)
at org.testng.internal.invokers.TestInvoker.invokeTestMethods(TestInvoker.java:193)
at org.testng.internal.invokers.TestMethodWorker.invokeTestMethods(TestMethodWorker.java:146)
at org.testng.internal.invokers.TestMethodWorker.run(TestMethodWorker.java:128)
at java.base/java.util.ArrayList.forEach(ArrayList.java:1511)
at org.testng.TestRunner.privateRun(TestRunner.java:808)
at org.testng.TestRunner.run(TestRunner.java:603)
at org.testng.SuiteRunner.runTest(SuiteRunner.java:429)
at org.testng.SuiteRunner.runSequentially(SuiteRunner.java:423)
at org.testng.SuiteRunner.privateRun(SuiteRunner.java:383)
at org.testng.SuiteRunner.run(SuiteRunner.java:326)
at org.testng.SuiteRunnerWorker.runSuite(SuiteRunnerWorker.java:52)
at org.testng.SuiteRunnerWorker.run(SuiteRunnerWorker.java:95)
at org.testng.TestNG.runSuitesSequentially(TestNG.java:1249)
at org.testng.TestNG.runSuitesLocally(TestNG.java:1169)
at org.testng.TestNG.runSuites(TestNG.java:1092)
at org.testng.TestNG.run(TestNG.java:1060)
at org.apache.maven.surefire.testng.TestNGExecutor.run(TestNGExecutor.java:283)
at org.apache.maven.surefire.testng.TestNGXmlTestSuite.execute(TestNGXmlTestSuite.java:75)
at org.apache.maven.surefire.testng.TestNGProvider.invoke(TestNGProvider.java:120)
at org.apache.maven.surefire.booter.ForkedBooter.runSuitesInProcess(ForkedBooter.java:377)
at org.apache.maven.surefire.booter.ForkedBooter.execute(ForkedBooter.java:138)
at org.apache.maven.surefire.booter.ForkedBooter.run(ForkedBooter.java:465)
at org.apache.maven.surefire.booter.ForkedBooter.main(ForkedBooter.java:451)
]]>
            </full-stacktrace>
          </exception> <!-- org.openqa.selenium.ElementClickInterceptedException -->
          <reporter-output>
          </reporter-output>
        </test-method> <!-- testLogin -->
        <test-method is-config="true" signature="afterMethod(org.testng.ITestResult,java.lang.reflect.Method)[pri:0, instance:testcases.LoginPageTest@7bedc48a]" started-at="2022-01-23T20:12:19 IST" name="afterMethod" finished-at="2022-01-23T20:12:19 IST" duration-ms="370" status="PASS">
          <params>
            <param index="0">
              <value>
                <![CDATA[[TestResult name=testLogin status=FAILURE method=LoginPageTest.testLogin()[pri:0, instance:testcases.LoginPageTest@7bedc48a] output={null}]]]>
              </value>
            </param>
            <param index="1">
              <value>
                <![CDATA[public void testcases.LoginPageTest.testLogin()]]>
              </value>
            </param>
          </params>
          <reporter-output>
            <line>
              <![CDATA[captureScreen method called]]>
            </line>
            <line>
              <![CDATA[<a href='C:\Users\coevy\IdeaProjects\BuyMeAutoV3\src\main\resources\screenShots\testLogin_23_01_2022_08_12_19.png'><img src='C:\Users\coevy\IdeaProjects\BuyMeAutoV3\src\main\resources\screenShots\testLogin_23_01_2022_08_12_19.png'height='100' width='100'/></a>]]>
            </line>
          </reporter-output>
        </test-method> <!-- afterMethod -->
      </class> <!-- testcases.LoginPageTest -->
      <class name="testcases.GiftCardPageTest">
        <test-method is-config="true" signature="setup(java.lang.reflect.Method,java.lang.String)[pri:0, instance:testcases.GiftCardPageTest@77f1baf5]" started-at="2022-01-23T20:10:22 IST" name="setup" finished-at="2022-01-23T20:10:29 IST" duration-ms="7023" status="PASS">
          <params>
            <param index="0">
              <value>
                <![CDATA[public void testcases.GiftCardPageTest.catchingJSErrorOnBlankMoneyBox()]]>
              </value>
            </param>
            <param index="1">
              <value>
                <![CDATA[CHROME]]>
              </value>
            </param>
          </params>
          <reporter-output>
          </reporter-output>
        </test-method> <!-- setup -->
        <test-method signature="catchingJSErrorOnBlankMoneyBox()[pri:4, instance:testcases.GiftCardPageTest@77f1baf5]" started-at="2022-01-23T20:10:29 IST" name="catchingJSErrorOnBlankMoneyBox" finished-at="2022-01-23T20:10:29 IST" duration-ms="312" status="PASS">
          <reporter-output>
          </reporter-output>
        </test-method> <!-- catchingJSErrorOnBlankMoneyBox -->
        <test-method is-config="true" signature="afterMethod(org.testng.ITestResult,java.lang.reflect.Method)[pri:0, instance:testcases.GiftCardPageTest@77f1baf5]" started-at="2022-01-23T20:10:29 IST" name="afterMethod" finished-at="2022-01-23T20:10:29 IST" duration-ms="152" status="PASS">
          <params>
            <param index="0">
              <value>
                <![CDATA[[TestResult name=catchingJSErrorOnBlankMoneyBox status=SUCCESS method=GiftCardPageTest.catchingJSErrorOnBlankMoneyBox()[pri:4, instance:testcases.GiftCardPageTest@77f1baf5] output={null}]]]>
              </value>
            </param>
            <param index="1">
              <value>
                <![CDATA[public void testcases.GiftCardPageTest.catchingJSErrorOnBlankMoneyBox()]]>
              </value>
            </param>
          </params>
          <reporter-output>
          </reporter-output>
        </test-method> <!-- afterMethod -->
      </class> <!-- testcases.GiftCardPageTest -->
      <class name="testcases.NavBarPageTest">
        <test-method is-config="true" signature="setup(java.lang.reflect.Method,java.lang.String)[pri:0, instance:testcases.NavBarPageTest@24313fcc]" started-at="2022-01-23T20:08:52 IST" name="setup" finished-at="2022-01-23T20:09:07 IST" duration-ms="14724" status="PASS">
          <params>
            <param index="0">
              <value>
                <![CDATA[public void testcases.NavBarPageTest.pickGiftFromNavBar()]]>
              </value>
            </param>
            <param index="1">
              <value>
                <![CDATA[CHROME]]>
              </value>
            </param>
          </params>
          <reporter-output>
          </reporter-output>
        </test-method> <!-- setup -->
        <test-method signature="pickGiftFromNavBar()[pri:1, instance:testcases.NavBarPageTest@24313fcc]" started-at="2022-01-23T20:09:07 IST" name="pickGiftFromNavBar" description="pick a gift card with Valid values " finished-at="2022-01-23T20:09:08 IST" duration-ms="828" status="PASS">
          <reporter-output>
          </reporter-output>
        </test-method> <!-- pickGiftFromNavBar -->
        <test-method is-config="true" signature="afterMethod(org.testng.ITestResult,java.lang.reflect.Method)[pri:0, instance:testcases.NavBarPageTest@24313fcc]" started-at="2022-01-23T20:09:08 IST" name="afterMethod" finished-at="2022-01-23T20:09:08 IST" duration-ms="198" status="PASS">
          <params>
            <param index="0">
              <value>
                <![CDATA[[TestResult name=pickGiftFromNavBar status=SUCCESS method=NavBarPageTest.pickGiftFromNavBar()[pri:1, instance:testcases.NavBarPageTest@24313fcc] output={null}]]]>
              </value>
            </param>
            <param index="1">
              <value>
                <![CDATA[public void testcases.NavBarPageTest.pickGiftFromNavBar()]]>
              </value>
            </param>
          </params>
          <reporter-output>
          </reporter-output>
        </test-method> <!-- afterMethod -->
        <test-method is-config="true" signature="setup(java.lang.reflect.Method,java.lang.String)[pri:0, instance:testcases.NavBarPageTest@24313fcc]" started-at="2022-01-23T20:09:08 IST" name="setup" finished-at="2022-01-23T20:09:15 IST" duration-ms="6885" status="PASS">
          <params>
            <param index="0">
              <value>
                <![CDATA[public void testcases.NavBarPageTest.pickGiftFromInputBox(java.lang.String)]]>
              </value>
            </param>
            <param index="1">
              <value>
                <![CDATA[CHROME]]>
              </value>
            </param>
          </params>
          <reporter-output>
          </reporter-output>
        </test-method> <!-- setup -->
        <test-method signature="pickGiftFromInputBox(java.lang.String)[pri:2, instance:testcases.NavBarPageTest@24313fcc]" started-at="2022-01-23T20:09:15 IST" name="pickGiftFromInputBox" data-provider="searchBoxGift" finished-at="2022-01-23T20:09:16 IST" duration-ms="924" status="PASS">
          <params>
            <param index="0">
              <value>
                <![CDATA[sport]]>
              </value>
            </param>
          </params>
          <reporter-output>
          </reporter-output>
        </test-method> <!-- pickGiftFromInputBox -->
        <test-method is-config="true" signature="afterMethod(org.testng.ITestResult,java.lang.reflect.Method)[pri:0, instance:testcases.NavBarPageTest@24313fcc]" started-at="2022-01-23T20:09:16 IST" name="afterMethod" finished-at="2022-01-23T20:09:16 IST" duration-ms="180" status="PASS">
          <params>
            <param index="0">
              <value>
                <![CDATA[[TestResult name=pickGiftFromInputBox status=SUCCESS method=NavBarPageTest.pickGiftFromInputBox(java.lang.String)[pri:2, instance:testcases.NavBarPageTest@24313fcc] output={null}]]]>
              </value>
            </param>
            <param index="1">
              <value>
                <![CDATA[public void testcases.NavBarPageTest.pickGiftFromInputBox(java.lang.String)]]>
              </value>
            </param>
          </params>
          <reporter-output>
          </reporter-output>
        </test-method> <!-- afterMethod -->
        <test-method is-config="true" signature="setup(java.lang.reflect.Method,java.lang.String)[pri:0, instance:testcases.NavBarPageTest@24313fcc]" started-at="2022-01-23T20:09:16 IST" name="setup" finished-at="2022-01-23T20:09:23 IST" duration-ms="6599" status="PASS">
          <params>
            <param index="0">
              <value>
                <![CDATA[public void testcases.NavBarPageTest.pickGiftFromInputBox(java.lang.String)]]>
              </value>
            </param>
            <param index="1">
              <value>
                <![CDATA[CHROME]]>
              </value>
            </param>
          </params>
          <reporter-output>
          </reporter-output>
        </test-method> <!-- setup -->
        <test-method signature="pickGiftFromInputBox(java.lang.String)[pri:2, instance:testcases.NavBarPageTest@24313fcc]" started-at="2022-01-23T20:09:23 IST" name="pickGiftFromInputBox" data-provider="searchBoxGift" finished-at="2022-01-23T20:09:24 IST" duration-ms="939" status="PASS">
          <params>
            <param index="0">
              <value>
                <![CDATA[Extreme]]>
              </value>
            </param>
          </params>
          <reporter-output>
          </reporter-output>
        </test-method> <!-- pickGiftFromInputBox -->
        <test-method is-config="true" signature="afterMethod(org.testng.ITestResult,java.lang.reflect.Method)[pri:0, instance:testcases.NavBarPageTest@24313fcc]" started-at="2022-01-23T20:09:24 IST" name="afterMethod" finished-at="2022-01-23T20:09:24 IST" duration-ms="170" status="PASS">
          <params>
            <param index="0">
              <value>
                <![CDATA[[TestResult name=pickGiftFromInputBox status=SUCCESS method=NavBarPageTest.pickGiftFromInputBox(java.lang.String)[pri:2, instance:testcases.NavBarPageTest@24313fcc] output={null}]]]>
              </value>
            </param>
            <param index="1">
              <value>
                <![CDATA[public void testcases.NavBarPageTest.pickGiftFromInputBox(java.lang.String)]]>
              </value>
            </param>
          </params>
          <reporter-output>
          </reporter-output>
        </test-method> <!-- afterMethod -->
        <test-method is-config="true" signature="setup(java.lang.reflect.Method,java.lang.String)[pri:0, instance:testcases.NavBarPageTest@24313fcc]" started-at="2022-01-23T20:09:24 IST" name="setup" finished-at="2022-01-23T20:09:28 IST" duration-ms="4313" status="PASS">
          <params>
            <param index="0">
              <value>
                <![CDATA[public void testcases.NavBarPageTest.pickGiftFromInputBox(java.lang.String)]]>
              </value>
            </param>
            <param index="1">
              <value>
                <![CDATA[CHROME]]>
              </value>
            </param>
          </params>
          <reporter-output>
          </reporter-output>
        </test-method> <!-- setup -->
        <test-method signature="pickGiftFromInputBox(java.lang.String)[pri:2, instance:testcases.NavBarPageTest@24313fcc]" started-at="2022-01-23T20:09:28 IST" name="pickGiftFromInputBox" data-provider="searchBoxGift" finished-at="2022-01-23T20:09:29 IST" duration-ms="909" status="PASS">
          <params>
            <param index="0">
              <value>
                <![CDATA[wine]]>
              </value>
            </param>
          </params>
          <reporter-output>
          </reporter-output>
        </test-method> <!-- pickGiftFromInputBox -->
        <test-method is-config="true" signature="afterMethod(org.testng.ITestResult,java.lang.reflect.Method)[pri:0, instance:testcases.NavBarPageTest@24313fcc]" started-at="2022-01-23T20:09:29 IST" name="afterMethod" finished-at="2022-01-23T20:09:29 IST" duration-ms="156" status="PASS">
          <params>
            <param index="0">
              <value>
                <![CDATA[[TestResult name=pickGiftFromInputBox status=SUCCESS method=NavBarPageTest.pickGiftFromInputBox(java.lang.String)[pri:2, instance:testcases.NavBarPageTest@24313fcc] output={null}]]]>
              </value>
            </param>
            <param index="1">
              <value>
                <![CDATA[public void testcases.NavBarPageTest.pickGiftFromInputBox(java.lang.String)]]>
              </value>
            </param>
          </params>
          <reporter-output>
          </reporter-output>
        </test-method> <!-- afterMethod -->
        <test-method is-config="true" signature="setup(java.lang.reflect.Method,java.lang.String)[pri:0, instance:testcases.NavBarPageTest@24313fcc]" started-at="2022-01-23T20:09:29 IST" name="setup" finished-at="2022-01-23T20:09:45 IST" duration-ms="16336" status="PASS">
          <params>
            <param index="0">
              <value>
                <![CDATA[public void testcases.NavBarPageTest.searchGiftFromInputBoxSuggest()]]>
              </value>
            </param>
            <param index="1">
              <value>
                <![CDATA[CHROME]]>
              </value>
            </param>
          </params>
          <reporter-output>
          </reporter-output>
        </test-method> <!-- setup -->
        <test-method signature="searchGiftFromInputBoxSuggest()[pri:2, instance:testcases.NavBarPageTest@24313fcc]" started-at="2022-01-23T20:09:45 IST" name="searchGiftFromInputBoxSuggest" description="Test navbar inputBox with autoComplete suggest Pick" finished-at="2022-01-23T20:09:46 IST" duration-ms="1073" status="PASS">
          <reporter-output>
          </reporter-output>
        </test-method> <!-- searchGiftFromInputBoxSuggest -->
        <test-method is-config="true" signature="afterMethod(org.testng.ITestResult,java.lang.reflect.Method)[pri:0, instance:testcases.NavBarPageTest@24313fcc]" started-at="2022-01-23T20:09:46 IST" name="afterMethod" finished-at="2022-01-23T20:09:47 IST" duration-ms="172" status="PASS">
          <params>
            <param index="0">
              <value>
                <![CDATA[[TestResult name=searchGiftFromInputBoxSuggest status=SUCCESS method=NavBarPageTest.searchGiftFromInputBoxSuggest()[pri:2, instance:testcases.NavBarPageTest@24313fcc] output={null}]]]>
              </value>
            </param>
            <param index="1">
              <value>
                <![CDATA[public void testcases.NavBarPageTest.searchGiftFromInputBoxSuggest()]]>
              </value>
            </param>
          </params>
          <reporter-output>
          </reporter-output>
        </test-method> <!-- afterMethod -->
      </class> <!-- testcases.NavBarPageTest -->
    </test> <!-- C:/Users/coevy/IdeaProjects/BuyMeAutoV3 -->
  </suite> <!-- All Test Suite -->
  <suite started-at="2022-01-23T20:13:05 IST" name="All Test Suite (0)" finished-at="2022-01-23T20:13:31 IST" duration-ms="25980">
    <groups>
    </groups>
    <test started-at="2022-01-23T20:13:05 IST" name="EndToEndTest" finished-at="2022-01-23T20:13:31 IST" duration-ms="25980">
      <class name="testcases.EndToEnd">
        <test-method is-config="true" signature="setup(java.lang.reflect.Method,java.lang.String)[pri:0, instance:testcases.EndToEnd@38102d01]" started-at="2022-01-23T20:13:05 IST" name="setup" finished-at="2022-01-23T20:13:24 IST" duration-ms="18203" status="PASS">
          <params>
            <param index="0">
              <value>
                <![CDATA[public void testcases.EndToEnd.testProcess()]]>
              </value>
            </param>
            <param index="1">
              <value>
                <![CDATA[CHROME]]>
              </value>
            </param>
          </params>
          <reporter-output>
          </reporter-output>
        </test-method> <!-- setup -->
        <test-method is-config="true" signature="beforeSuite()[pri:0, instance:testcases.EndToEnd@38102d01]" started-at="2022-01-23T20:13:05 IST" name="beforeSuite" finished-at="2022-01-23T20:13:05 IST" duration-ms="0" status="PASS">
          <reporter-output>
          </reporter-output>
        </test-method> <!-- beforeSuite -->
        <test-method signature="testProcess()[pri:0, instance:testcases.EndToEnd@38102d01]" started-at="2022-01-23T20:13:24 IST" name="testProcess" finished-at="2022-01-23T20:13:31 IST" duration-ms="7569" status="PASS">
          <reporter-output>
          </reporter-output>
        </test-method> <!-- testProcess -->
        <test-method is-config="true" signature="afterMethod(org.testng.ITestResult,java.lang.reflect.Method)[pri:0, instance:testcases.EndToEnd@38102d01]" started-at="2022-01-23T20:13:31 IST" name="afterMethod" finished-at="2022-01-23T20:13:31 IST" duration-ms="208" status="PASS">
          <params>
            <param index="0">
              <value>
                <![CDATA[[TestResult name=testProcess status=SUCCESS method=EndToEnd.testProcess()[pri:0, instance:testcases.EndToEnd@38102d01] output={null}]]]>
              </value>
            </param>
            <param index="1">
              <value>
                <![CDATA[public void testcases.EndToEnd.testProcess()]]>
              </value>
            </param>
          </params>
          <reporter-output>
          </reporter-output>
        </test-method> <!-- afterMethod -->
      </class> <!-- testcases.EndToEnd -->
    </test> <!-- EndToEndTest -->
  </suite> <!-- All Test Suite (0) -->
</testng-results>
