<?xml version="1.0" encoding="UTF-8"?>
<!-- Generated by org.testng.reporters.JUnitXMLReporter -->
<testsuite ignored="15" hostname="evyatar" failures="1" tests="20" name="C:/Users/coevy/IdeaProjects/BuyMeAutoV3" time="244.998" errors="0" timestamp="2022-01-23T20:12:33 IST">
  <testcase classname="testcases.HomePageTest" name="verifySiteURL" time="0.009"/>
  <testcase classname="testcases.HomePageTest" name="verifyHomePageTitle" time="0.007"/>
  <testcase classname="testcases.HomePageTest" name="verifyLogoPresent" time="0.075"/>
  <testcase classname="testcases.NavBarPageTest" name="pickGiftFromNavBar" time="0.828"/>
  <testcase classname="testcases.NavBarPageTest" name="pickGiftFromInputBox" time="0.924"/>
  <testcase classname="testcases.NavBarPageTest" name="pickGiftFromInputBox" time="0.939"/>
  <testcase classname="testcases.NavBarPageTest" name="pickGiftFromInputBox" time="0.909"/>
  <testcase classname="testcases.NavBarPageTest" name="searchGiftFromInputBoxSuggest" time="1.073"/>
  <testcase classname="testcases.SearchResultTest" name="verifySearchResultHeaderPage" time="2.21"/>
  <testcase classname="testcases.SearchResultTest" name="pickGiftCardFromTopCategories" time="1.22"/>
  <testcase classname="testcases.SearchResultTest" name="pickGiftFromMainCategories" time="2.635"/>
  <testcase classname="testcases.GiftCardPageTest" name="catchingJSErrorOnBlankMoneyBox" time="0.312"/>
  <testcase classname="testcases.WhoToSendPageTest" name="verifyWhoToSendPage" time="0.193"/>
  <testcase classname="testcases.WhoToSendPageTest" name="VerifySomeoneElseCheckBox" time="0.05"/>
  <testcase classname="testcases.WhoToSendPageTest" name="verifyForMySelfCheckBoxImgResponse" time="0.301"/>
  <testcase classname="testcases.WhoToSendPageTest" name="verifyGiftPriceChange" time="0.34"/>
  <testcase classname="testcases.WhoToSendPageTest" name="setWhoToSendPage" time="0.638"/>
  <testcase classname="testcases.HowToSendPageTest" name="setWhoToSendPage" time="5.6"/>
  <testcase classname="testcases.LoginPageTest" name="testLogin" time="4.341">
    <failure type="org.openqa.selenium.ElementClickInterceptedException" message="element click intercepted: Element &amp;lt;button id=&amp;quot;ember2133&amp;quot; type=&amp;quot;submit&amp;quot; gtm=&amp;quot;המשך&amp;quot; class=&amp;quot;ember-view bm-btn no-reverse main xl stretch&amp;quot;&amp;gt;...&amp;lt;/button&amp;gt; is not clickable at point (1234, 891). Other element would receive the click: &amp;lt;div class=&amp;quot;bm-white-loading-screen fade-in&amp;quot;&amp;gt;...&amp;lt;/div&amp;gt;
  (Session info: chrome=97.0.4692.99)
Build info: version: &amp;apos;4.1.0&amp;apos;, revision: &amp;apos;87802e897b&amp;apos;
System info: host: &amp;apos;EVYATAR&amp;apos;, ip: &amp;apos;192.168.1.102&amp;apos;, os.name: &amp;apos;Windows 10&amp;apos;, os.arch: &amp;apos;amd64&amp;apos;, os.version: &amp;apos;10.0&amp;apos;, java.version: &amp;apos;17.0.1&amp;apos;
Driver info: org.openqa.selenium.chrome.ChromeDriver
Command: [af52f710bc75ab9b37fbab4492c01634, clickElement {id=fc41bc14-a534-490c-9cd3-b2b3b7fb4910}]
Capabilities {acceptInsecureCerts: false, browserName: chrome, browserVersion: 97.0.4692.99, chrome: {chromedriverVersion: 97.0.4692.71 (adefa7837d02a..., userDataDir: C:\Users\coevy\AppData\Loca...}, goog:chromeOptions: {debuggerAddress: localhost:51596}, javascriptEnabled: true, networkConnectionEnabled: false, pageLoadStrategy: normal, platform: WINDOWS, platformName: WINDOWS, proxy: Proxy(), se:cdp: ws://localhost:51596/devtoo..., se:cdpVersion: 97.0.4692.99, setWindowRect: true, strictFileInteractability: false, timeouts: {implicit: 0, pageLoad: 300000, script: 30000}, unhandledPromptBehavior: dismiss and notify, webauthn:extension:credBlob: true, webauthn:extension:largeBlob: true, webauthn:virtualAuthenticators: true}
Element: [[ChromeDriver: chrome on WINDOWS (af52f710bc75ab9b37fbab4492c01634)] -&amp;gt; css selector: button[type=&amp;apos;submit&amp;apos;]]
Session ID: af52f710bc75ab9b37fbab4492c01634">
      <![CDATA[org.openqa.selenium.ElementClickInterceptedException: element click intercepted: Element <button id="ember2133" type="submit" gtm="המשך" class="ember-view bm-btn no-reverse main xl stretch">...</button> is not clickable at point (1234, 891). Other element would receive the click: <div class="bm-white-loading-screen fade-in">...</div>
  (Session info: chrome=97.0.4692.99)
Build info: version: '4.1.0', revision: '87802e897b'
System info: host: 'EVYATAR', ip: '192.168.1.102', os.name: 'Windows 10', os.arch: 'amd64', os.version: '10.0', java.version: '17.0.1'
Driver info: org.openqa.selenium.chrome.ChromeDriver
Command: [af52f710bc75ab9b37fbab4492c01634, clickElement {id=fc41bc14-a534-490c-9cd3-b2b3b7fb4910}]
Capabilities {acceptInsecureCerts: false, browserName: chrome, browserVersion: 97.0.4692.99, chrome: {chromedriverVersion: 97.0.4692.71 (adefa7837d02a..., userDataDir: C:\Users\coevy\AppData\Loca...}, goog:chromeOptions: {debuggerAddress: localhost:51596}, javascriptEnabled: true, networkConnectionEnabled: false, pageLoadStrategy: normal, platform: WINDOWS, platformName: WINDOWS, proxy: Proxy(), se:cdp: ws://localhost:51596/devtoo..., se:cdpVersion: 97.0.4692.99, setWindowRect: true, strictFileInteractability: false, timeouts: {implicit: 0, pageLoad: 300000, script: 30000}, unhandledPromptBehavior: dismiss and notify, webauthn:extension:credBlob: true, webauthn:extension:largeBlob: true, webauthn:virtualAuthenticators: true}
Element: [[ChromeDriver: chrome on WINDOWS (af52f710bc75ab9b37fbab4492c01634)] -> css selector: button[type='submit']]
Session ID: af52f710bc75ab9b37fbab4492c01634
at java.base/jdk.internal.reflect.NativeConstructorAccessorImpl.newInstance0(Native Method)
at java.base/jdk.internal.reflect.NativeConstructorAccessorImpl.newInstance(NativeConstructorAccessorImpl.java:77)
at java.base/jdk.internal.reflect.DelegatingConstructorAccessorImpl.newInstance(DelegatingConstructorAccessorImpl.java:45)
at java.base/java.lang.reflect.Constructor.newInstanceWithCaller(Constructor.java:499)
at java.base/java.lang.reflect.Constructor.newInstance(Constructor.java:480)
at org.openqa.selenium.remote.codec.w3c.W3CHttpResponseCodec.createException(W3CHttpResponseCodec.java:200)
at org.openqa.selenium.remote.codec.w3c.W3CHttpResponseCodec.decode(W3CHttpResponseCodec.java:133)
at org.openqa.selenium.remote.codec.w3c.W3CHttpResponseCodec.decode(W3CHttpResponseCodec.java:53)
at org.openqa.selenium.remote.HttpCommandExecutor.execute(HttpCommandExecutor.java:184)
at org.openqa.selenium.remote.service.DriverCommandExecutor.invokeExecute(DriverCommandExecutor.java:164)
at org.openqa.selenium.remote.service.DriverCommandExecutor.execute(DriverCommandExecutor.java:139)
at org.openqa.selenium.remote.RemoteWebDriver.execute(RemoteWebDriver.java:559)
at org.openqa.selenium.remote.RemoteWebElement.execute(RemoteWebElement.java:251)
at org.openqa.selenium.remote.RemoteWebElement.click(RemoteWebElement.java:77)
at jdk.internal.reflect.GeneratedMethodAccessor56.invoke(Unknown Source)
at java.base/jdk.internal.reflect.DelegatingMethodAccessorImpl.invoke(DelegatingMethodAccessorImpl.java:43)
at java.base/java.lang.reflect.Method.invoke(Method.java:568)
at org.openqa.selenium.support.pagefactory.internal.LocatingElementHandler.invoke(LocatingElementHandler.java:52)
at jdk.proxy2/jdk.proxy2.$Proxy17.click(Unknown Source)
at buymeObjects.WhoToSendPage.clickBtn(WhoToSendPage.java:108)
at buymeObjects.WhoToSendPage.sendAll(WhoToSendPage.java:73)
at testcases.LoginPageTest.testLogin(LoginPageTest.java:48)
at java.base/jdk.internal.reflect.NativeMethodAccessorImpl.invoke0(Native Method)
at java.base/jdk.internal.reflect.NativeMethodAccessorImpl.invoke(NativeMethodAccessorImpl.java:77)
at java.base/jdk.internal.reflect.DelegatingMethodAccessorImpl.invoke(DelegatingMethodAccessorImpl.java:43)
at java.base/java.lang.reflect.Method.invoke(Method.java:568)
at org.testng.internal.invokers.MethodInvocationHelper.invokeMethod(MethodInvocationHelper.java:135)
at org.testng.internal.invokers.TestInvoker.invokeMethod(TestInvoker.java:673)
at org.testng.internal.invokers.TestInvoker.invokeTestMethod(TestInvoker.java:220)
at org.testng.internal.invokers.MethodRunner.runInSequence(MethodRunner.java:50)
at org.testng.internal.invokers.TestInvoker$MethodInvocationAgent.invoke(TestInvoker.java:945)
at org.testng.internal.invokers.TestInvoker.invokeTestMethods(TestInvoker.java:193)
at org.testng.internal.invokers.TestMethodWorker.invokeTestMethods(TestMethodWorker.java:146)
at org.testng.internal.invokers.TestMethodWorker.run(TestMethodWorker.java:128)
at java.base/java.util.ArrayList.forEach(ArrayList.java:1511)
at org.testng.TestRunner.privateRun(TestRunner.java:808)
at org.testng.TestRunner.run(TestRunner.java:603)
at org.testng.SuiteRunner.runTest(SuiteRunner.java:429)
at org.testng.SuiteRunner.runSequentially(SuiteRunner.java:423)
at org.testng.SuiteRunner.privateRun(SuiteRunner.java:383)
at org.testng.SuiteRunner.run(SuiteRunner.java:326)
at org.testng.SuiteRunnerWorker.runSuite(SuiteRunnerWorker.java:52)
at org.testng.SuiteRunnerWorker.run(SuiteRunnerWorker.java:95)
at org.testng.TestNG.runSuitesSequentially(TestNG.java:1249)
at org.testng.TestNG.runSuitesLocally(TestNG.java:1169)
at org.testng.TestNG.runSuites(TestNG.java:1092)
at org.testng.TestNG.run(TestNG.java:1060)
at org.apache.maven.surefire.testng.TestNGExecutor.run(TestNGExecutor.java:283)
at org.apache.maven.surefire.testng.TestNGXmlTestSuite.execute(TestNGXmlTestSuite.java:75)
at org.apache.maven.surefire.testng.TestNGProvider.invoke(TestNGProvider.java:120)
at org.apache.maven.surefire.booter.ForkedBooter.runSuitesInProcess(ForkedBooter.java:377)
at org.apache.maven.surefire.booter.ForkedBooter.execute(ForkedBooter.java:138)
at org.apache.maven.surefire.booter.ForkedBooter.run(ForkedBooter.java:465)
at org.apache.maven.surefire.booter.ForkedBooter.main(ForkedBooter.java:451)
]]>
    </failure>
  </testcase> <!-- testLogin -->
  <testcase classname="testcases.EndToEnd" name="testProcess" time="8.776"/>
  <testcase classname="testcases.HowToSendPageTest" name="verifyHowToSendPageHeader" time="0.0">
    <ignored/>
  </testcase> <!-- verifyHowToSendPageHeader -->
  <testcase classname="testBase.TestBase" name="@BeforeSuite beforeSuite" time="0.0">
    <ignored/>
  </testcase> <!-- @BeforeSuite beforeSuite -->
  <testcase classname="testcases.HowToSendPageTest" name="setSenderName" time="0.0">
    <ignored/>
  </testcase> <!-- setSenderName -->
  <testcase classname="testcases.GiftCardPageTest" name="readMoreAboutProduct" time="0.0">
    <ignored/>
  </testcase> <!-- readMoreAboutProduct -->
  <testcase classname="testcases.GiftCardPageTest" name="VerifyMoneyBox" time="0.0">
    <ignored/>
  </testcase> <!-- VerifyMoneyBox -->
  <testcase classname="testBase.TestBase" name="@BeforeSuite beforeSuite" time="0.0">
    <ignored/>
  </testcase> <!-- @BeforeSuite beforeSuite -->
  <testcase classname="testcases.HowToSendPageTest" name="sendLaterOptionDateAndHour" time="0.0">
    <ignored/>
  </testcase> <!-- sendLaterOptionDateAndHour -->
  <testcase classname="testBase.TestBase" name="@BeforeSuite beforeSuite" time="0.0">
    <ignored/>
  </testcase> <!-- @BeforeSuite beforeSuite -->
  <testcase classname="testBase.TestBase" name="@BeforeSuite beforeSuite" time="0.0">
    <ignored/>
  </testcase> <!-- @BeforeSuite beforeSuite -->
  <testcase classname="testBase.TestBase" name="@BeforeSuite beforeSuite" time="0.0">
    <ignored/>
  </testcase> <!-- @BeforeSuite beforeSuite -->
  <testcase classname="testcases.GiftCardPageTest" name="verifyGiftCardHeaderTest" time="0.0">
    <ignored/>
  </testcase> <!-- verifyGiftCardHeaderTest -->
  <testcase classname="testcases.LoginPageTest" name="doLogin" time="0.0">
    <ignored/>
  </testcase> <!-- doLogin -->
  <testcase classname="testBase.TestBase" name="@BeforeSuite beforeSuite" time="0.0">
    <ignored/>
  </testcase> <!-- @BeforeSuite beforeSuite -->
  <testcase classname="testBase.TestBase" name="@BeforeSuite beforeSuite" time="0.0">
    <ignored/>
  </testcase> <!-- @BeforeSuite beforeSuite -->
  <testcase classname="testcases.HowToSendPageTest" name="selectSendByMail" time="0.0">
    <ignored/>
  </testcase> <!-- selectSendByMail -->
</testsuite> <!-- C:/Users/coevy/IdeaProjects/BuyMeAutoV3 -->
