<html>
<head>
<title>TestNG:  C:/Users/coevy/IdeaProjects/BuyMeAutoV3</title>
<link href="../testng.css" rel="stylesheet" type="text/css" />
<link href="../my-testng.css" rel="stylesheet" type="text/css" />

<style type="text/css">
.log { display: none;} 
.stack-trace { display: none;} 
</style>
<script type="text/javascript">
<!--
function flip(e) {
  current = e.style.display;
  if (current == 'block') {
    e.style.display = 'none';
    return 0;
  }
  else {
    e.style.display = 'block';
    return 1;
  }
}

function toggleBox(szDivId, elem, msg1, msg2)
{
  var res = -1;  if (document.getElementById) {
    res = flip(document.getElementById(szDivId));
  }
  else if (document.all) {
    // this is the way old msie versions work
    res = flip(document.all[szDivId]);
  }
  if(elem) {
    if(res == 0) elem.innerHTML = msg1; else elem.innerHTML = msg2;
  }

}

function toggleAllBoxes() {
  if (document.getElementsByTagName) {
    d = document.getElementsByTagName('div');
    for (i = 0; i < d.length; i++) {
      if (d[i].className == 'log') {
        flip(d[i]);
      }
    }
  }
}

// -->
</script>

</head>
<body>
<h2 align='center'>C:/Users/coevy/IdeaProjects/BuyMeAutoV3</h2><table border='1' align="center">
<tr>
<td>Tests passed/Failed/Skipped:</td><td>19/1/0</td>
</tr><tr>
<td>Started on:</td><td>Sun Jan 23 20:08:28 IST 2022</td>
</tr>
<tr><td>Total time:</td><td>244 seconds (244998 ms)</td>
</tr><tr>
<td>Included groups:</td><td></td>
</tr><tr>
<td>Excluded groups:</td><td></td>
</tr>
</table><p/>
<small><i>(Hover the method name to see the test class name)</i></small><p/>
<table width='100%' border='1' class='invocation-failed'>
<tr><td colspan='4' align='center'><b>FAILED TESTS</b></td></tr>
<tr><td><b>Test method</b></td>
<td width="30%"><b>Exception</b></td>
<td width="10%"><b>Time (seconds)</b></td>
<td><b>Instance</b></td>
</tr>
<tr>
<td title='testcases.LoginPageTest.testLogin()'><b>testLogin</b><br>Test class: testcases.LoginPageTest</td>
<td><div><pre>org.openqa.selenium.ElementClickInterceptedException: element click intercepted: Element &lt;button id=&quot;ember2133&quot; type=&quot;submit&quot; gtm=&quot;המשך&quot; class=&quot;ember-view bm-btn no-reverse main xl stretch&quot;&gt;...&lt;/button&gt; is not clickable at point (1234, 891). Other element would receive the click: &lt;div class=&quot;bm-white-loading-screen fade-in&quot;&gt;...&lt;/div&gt;
  (Session info: chrome=97.0.4692.99)
Build info: version: &apos;4.1.0&apos;, revision: &apos;87802e897b&apos;
System info: host: &apos;EVYATAR&apos;, ip: &apos;192.168.1.102&apos;, os.name: &apos;Windows 10&apos;, os.arch: &apos;amd64&apos;, os.version: &apos;10.0&apos;, java.version: &apos;17.0.1&apos;
Driver info: org.openqa.selenium.chrome.ChromeDriver
Command: [af52f710bc75ab9b37fbab4492c01634, clickElement {id=fc41bc14-a534-490c-9cd3-b2b3b7fb4910}]
Capabilities {acceptInsecureCerts: false, browserName: chrome, browserVersion: 97.0.4692.99, chrome: {chromedriverVersion: 97.0.4692.71 (adefa7837d02a..., userDataDir: C:\Users\coevy\AppData\Loca...}, goog:chromeOptions: {debuggerAddress: localhost:51596}, javascriptEnabled: true, networkConnectionEnabled: false, pageLoadStrategy: normal, platform: WINDOWS, platformName: WINDOWS, proxy: Proxy(), se:cdp: ws://localhost:51596/devtoo..., se:cdpVersion: 97.0.4692.99, setWindowRect: true, strictFileInteractability: false, timeouts: {implicit: 0, pageLoad: 300000, script: 30000}, unhandledPromptBehavior: dismiss and notify, webauthn:extension:credBlob: true, webauthn:extension:largeBlob: true, webauthn:virtualAuthenticators: true}
Element: [[ChromeDriver: chrome on WINDOWS (af52f710bc75ab9b37fbab4492c01634)] -&gt; css selector: button[type=&apos;submit&apos;]]
Session ID: af52f710bc75ab9b37fbab4492c01634
	at java.base/jdk.internal.reflect.NativeConstructorAccessorImpl.newInstance0(Native Method)
	at java.base/jdk.internal.reflect.NativeConstructorAccessorImpl.newInstance(NativeConstructorAccessorImpl.java:77)
	at java.base/jdk.internal.reflect.DelegatingConstructorAccessorImpl.newInstance(DelegatingConstructorAccessorImpl.java:45)
	at java.base/java.lang.reflect.Constructor.newInstanceWithCaller(Constructor.java:499)
	at java.base/java.lang.reflect.Constructor.newInstance(Constructor.java:480)
	at org.openqa.selenium.remote.codec.w3c.W3CHttpResponseCodec.createException(W3CHttpResponseCodec.java:200)
	at org.openqa.selenium.remote.codec.w3c.W3CHttpResponseCodec.decode(W3CHttpResponseCodec.java:133)
	at org.openqa.selenium.remote.codec.w3c.W3CHttpResponseCodec.decode(W3CHttpResponseCodec.java:53)
	at org.openqa.selenium.remote.HttpCommandExecutor.execute(HttpCommandExecutor.java:184)
	at org.openqa.selenium.remote.service.DriverCommandExecutor.invokeExecute(DriverCommandExecutor.java:164)
	at org.openqa.selenium.remote.service.DriverCommandExecutor.execute(DriverCommandExecutor.java:139)
	at org.openqa.selenium.remote.RemoteWebDriver.execute(RemoteWebDriver.java:559)
	at org.openqa.selenium.remote.RemoteWebElement.execute(RemoteWebElement.java:251)
	at org.openqa.selenium.remote.RemoteWebElement.click(RemoteWebElement.java:77)
	at jdk.internal.reflect.GeneratedMethodAccessor56.invoke(Unknown Source)
	at java.base/jdk.internal.reflect.DelegatingMethodAccessorImpl.invoke(DelegatingMethodAccessorImpl.java:43)
	at java.base/java.lang.reflect.Method.invoke(Method.java:568)
	at org.openqa.selenium.support.pagefactory.internal.LocatingElementHandler.invoke(LocatingElementHandler.java:52)
	at jdk.proxy2/jdk.proxy2.$Proxy17.click(Unknown Source)
	at buymeObjects.WhoToSendPage.clickBtn(WhoToSendPage.java:108)
	at buymeObjects.WhoToSendPage.sendAll(WhoToSendPage.java:73)
	at testcases.LoginPageTest.testLogin(LoginPageTest.java:48)
	at java.base/jdk.internal.reflect.NativeMethodAccessorImpl.invoke0(Native Method)
	at java.base/jdk.internal.reflect.NativeMethodAccessorImpl.invoke(NativeMethodAccessorImpl.java:77)
	at java.base/jdk.internal.reflect.DelegatingMethodAccessorImpl.invoke(DelegatingMethodAccessorImpl.java:43)
	at java.base/java.lang.reflect.Method.invoke(Method.java:568)
	at org.testng.internal.invokers.MethodInvocationHelper.invokeMethod(MethodInvocationHelper.java:135)
	at org.testng.internal.invokers.TestInvoker.invokeMethod(TestInvoker.java:673)
	at org.testng.internal.invokers.TestInvoker.invokeTestMethod(TestInvoker.java:220)
	at org.testng.internal.invokers.MethodRunner.runInSequence(MethodRunner.java:50)
	at org.testng.internal.invokers.TestInvoker$MethodInvocationAgent.invoke(TestInvoker.java:945)
	at org.testng.internal.invokers.TestInvoker.invokeTestMethods(TestInvoker.java:193)
	at org.testng.internal.invokers.TestMethodWorker.invokeTestMethods(TestMethodWorker.java:146)
	at org.testng.internal.invokers.TestMethodWorker.run(TestMethodWorker.java:128)
	at java.base/java.util.ArrayList.forEach(ArrayList.java:1511)
	at org.testng.TestRunner.privateRun(TestRunner.java:808)
	at org.testng.TestRunner.run(TestRunner.java:603)
	at org.testng.SuiteRunner.runTest(SuiteRunner.java:429)
	at org.testng.SuiteRunner.runSequentially(SuiteRunner.java:423)
	at org.testng.SuiteRunner.privateRun(SuiteRunner.java:383)
	at org.testng.SuiteRunner.run(SuiteRunner.java:326)
	at org.testng.SuiteRunnerWorker.runSuite(SuiteRunnerWorker.java:52)
	at org.testng.SuiteRunnerWorker.run(SuiteRunnerWorker.java:95)
	at org.testng.TestNG.runSuitesSequentially(TestNG.java:1249)
	at org.testng.TestNG.runSuitesLocally(TestNG.java:1169)
	at org.testng.TestNG.runSuites(TestNG.java:1092)
	at org.testng.TestNG.run(TestNG.java:1060)
	at org.apache.maven.surefire.testng.TestNGExecutor.run(TestNGExecutor.java:283)
	at org.apache.maven.surefire.testng.TestNGXmlTestSuite.execute(TestNGXmlTestSuite.java:75)
	at org.apache.maven.surefire.testng.TestNGProvider.invoke(TestNGProvider.java:120)
	at org.apache.maven.surefire.booter.ForkedBooter.runSuitesInProcess(ForkedBooter.java:377)
	at org.apache.maven.surefire.booter.ForkedBooter.execute(ForkedBooter.java:138)
	at org.apache.maven.surefire.booter.ForkedBooter.run(ForkedBooter.java:465)
	at org.apache.maven.surefire.booter.ForkedBooter.main(ForkedBooter.java:451)
</pre></div><a href='#' onClick='toggleBox("stack-trace747601258", this, "Click to show all stack frames", "Click to hide stack frames")'>Click to show all stack frames</a>
<div class='stack-trace' id='stack-trace747601258'><pre>org.openqa.selenium.ElementClickInterceptedException: element click intercepted: Element &lt;button id=&quot;ember2133&quot; type=&quot;submit&quot; gtm=&quot;המשך&quot; class=&quot;ember-view bm-btn no-reverse main xl stretch&quot;&gt;...&lt;/button&gt; is not clickable at point (1234, 891). Other element would receive the click: &lt;div class=&quot;bm-white-loading-screen fade-in&quot;&gt;...&lt;/div&gt;
  (Session info: chrome=97.0.4692.99)
Build info: version: &apos;4.1.0&apos;, revision: &apos;87802e897b&apos;
System info: host: &apos;EVYATAR&apos;, ip: &apos;192.168.1.102&apos;, os.name: &apos;Windows 10&apos;, os.arch: &apos;amd64&apos;, os.version: &apos;10.0&apos;, java.version: &apos;17.0.1&apos;
Driver info: org.openqa.selenium.chrome.ChromeDriver
Command: [af52f710bc75ab9b37fbab4492c01634, clickElement {id=fc41bc14-a534-490c-9cd3-b2b3b7fb4910}]
Capabilities {acceptInsecureCerts: false, browserName: chrome, browserVersion: 97.0.4692.99, chrome: {chromedriverVersion: 97.0.4692.71 (adefa7837d02a..., userDataDir: C:\Users\coevy\AppData\Loca...}, goog:chromeOptions: {debuggerAddress: localhost:51596}, javascriptEnabled: true, networkConnectionEnabled: false, pageLoadStrategy: normal, platform: WINDOWS, platformName: WINDOWS, proxy: Proxy(), se:cdp: ws://localhost:51596/devtoo..., se:cdpVersion: 97.0.4692.99, setWindowRect: true, strictFileInteractability: false, timeouts: {implicit: 0, pageLoad: 300000, script: 30000}, unhandledPromptBehavior: dismiss and notify, webauthn:extension:credBlob: true, webauthn:extension:largeBlob: true, webauthn:virtualAuthenticators: true}
Element: [[ChromeDriver: chrome on WINDOWS (af52f710bc75ab9b37fbab4492c01634)] -&gt; css selector: button[type=&apos;submit&apos;]]
Session ID: af52f710bc75ab9b37fbab4492c01634
	at java.base/jdk.internal.reflect.NativeConstructorAccessorImpl.newInstance0(Native Method)
	at java.base/jdk.internal.reflect.NativeConstructorAccessorImpl.newInstance(NativeConstructorAccessorImpl.java:77)
	at java.base/jdk.internal.reflect.DelegatingConstructorAccessorImpl.newInstance(DelegatingConstructorAccessorImpl.java:45)
	at java.base/java.lang.reflect.Constructor.newInstanceWithCaller(Constructor.java:499)
	at java.base/java.lang.reflect.Constructor.newInstance(Constructor.java:480)
	at org.openqa.selenium.remote.codec.w3c.W3CHttpResponseCodec.createException(W3CHttpResponseCodec.java:200)
	at org.openqa.selenium.remote.codec.w3c.W3CHttpResponseCodec.decode(W3CHttpResponseCodec.java:133)
	at org.openqa.selenium.remote.codec.w3c.W3CHttpResponseCodec.decode(W3CHttpResponseCodec.java:53)
	at org.openqa.selenium.remote.HttpCommandExecutor.execute(HttpCommandExecutor.java:184)
	at org.openqa.selenium.remote.service.DriverCommandExecutor.invokeExecute(DriverCommandExecutor.java:164)
	at org.openqa.selenium.remote.service.DriverCommandExecutor.execute(DriverCommandExecutor.java:139)
	at org.openqa.selenium.remote.RemoteWebDriver.execute(RemoteWebDriver.java:559)
	at org.openqa.selenium.remote.RemoteWebElement.execute(RemoteWebElement.java:251)
	at org.openqa.selenium.remote.RemoteWebElement.click(RemoteWebElement.java:77)
	at jdk.internal.reflect.GeneratedMethodAccessor56.invoke(Unknown Source)
	at java.base/jdk.internal.reflect.DelegatingMethodAccessorImpl.invoke(DelegatingMethodAccessorImpl.java:43)
	at java.base/java.lang.reflect.Method.invoke(Method.java:568)
	at org.openqa.selenium.support.pagefactory.internal.LocatingElementHandler.invoke(LocatingElementHandler.java:52)
	at jdk.proxy2/jdk.proxy2.$Proxy17.click(Unknown Source)
	at buymeObjects.WhoToSendPage.clickBtn(WhoToSendPage.java:108)
	at buymeObjects.WhoToSendPage.sendAll(WhoToSendPage.java:73)
	at testcases.LoginPageTest.testLogin(LoginPageTest.java:48)
	at java.base/jdk.internal.reflect.NativeMethodAccessorImpl.invoke0(Native Method)
	at java.base/jdk.internal.reflect.NativeMethodAccessorImpl.invoke(NativeMethodAccessorImpl.java:77)
	at java.base/jdk.internal.reflect.DelegatingMethodAccessorImpl.invoke(DelegatingMethodAccessorImpl.java:43)
	at java.base/java.lang.reflect.Method.invoke(Method.java:568)
	at org.testng.internal.invokers.MethodInvocationHelper.invokeMethod(MethodInvocationHelper.java:135)
	at org.testng.internal.invokers.TestInvoker.invokeMethod(TestInvoker.java:673)
	at org.testng.internal.invokers.TestInvoker.invokeTestMethod(TestInvoker.java:220)
	at org.testng.internal.invokers.MethodRunner.runInSequence(MethodRunner.java:50)
	at org.testng.internal.invokers.TestInvoker$MethodInvocationAgent.invoke(TestInvoker.java:945)
	at org.testng.internal.invokers.TestInvoker.invokeTestMethods(TestInvoker.java:193)
	at org.testng.internal.invokers.TestMethodWorker.invokeTestMethods(TestMethodWorker.java:146)
	at org.testng.internal.invokers.TestMethodWorker.run(TestMethodWorker.java:128)
	at java.base/java.util.ArrayList.forEach(ArrayList.java:1511)
	at org.testng.TestRunner.privateRun(TestRunner.java:808)
	at org.testng.TestRunner.run(TestRunner.java:603)
	at org.testng.SuiteRunner.runTest(SuiteRunner.java:429)
	at org.testng.SuiteRunner.runSequentially(SuiteRunner.java:423)
	at org.testng.SuiteRunner.privateRun(SuiteRunner.java:383)
	at org.testng.SuiteRunner.run(SuiteRunner.java:326)
	at org.testng.SuiteRunnerWorker.runSuite(SuiteRunnerWorker.java:52)
	at org.testng.SuiteRunnerWorker.run(SuiteRunnerWorker.java:95)
	at org.testng.TestNG.runSuitesSequentially(TestNG.java:1249)
	at org.testng.TestNG.runSuitesLocally(TestNG.java:1169)
	at org.testng.TestNG.runSuites(TestNG.java:1092)
	at org.testng.TestNG.run(TestNG.java:1060)
	at org.apache.maven.surefire.testng.TestNGExecutor.run(TestNGExecutor.java:283)
	at org.apache.maven.surefire.testng.TestNGXmlTestSuite.execute(TestNGXmlTestSuite.java:75)
	at org.apache.maven.surefire.testng.TestNGProvider.invoke(TestNGProvider.java:120)
	at org.apache.maven.surefire.booter.ForkedBooter.runSuitesInProcess(ForkedBooter.java:377)
	at org.apache.maven.surefire.booter.ForkedBooter.execute(ForkedBooter.java:138)
	at org.apache.maven.surefire.booter.ForkedBooter.run(ForkedBooter.java:465)
	at org.apache.maven.surefire.booter.ForkedBooter.main(ForkedBooter.java:451)
</pre></div></td>
<td>4</td>
<td>testcases.LoginPageTest@7bedc48a</td></tr>
</table><p>
<table width='100%' border='1' class='invocation-passed'>
<tr><td colspan='4' align='center'><b>PASSED TESTS</b></td></tr>
<tr><td><b>Test method</b></td>
<td width="30%"><b>Exception</b></td>
<td width="10%"><b>Time (seconds)</b></td>
<td><b>Instance</b></td>
</tr>
<tr>
<td title='testcases.NavBarPageTest.pickGiftFromNavBar()'><b>pickGiftFromNavBar</b><br>Test class: testcases.NavBarPageTest<br>Test method: pick a gift card with Valid values </td>
<td></td>
<td>0</td>
<td>testcases.NavBarPageTest@24313fcc</td></tr>
<tr>
<td title='testcases.HomePageTest.verifyHomePageTitle()'><b>verifyHomePageTitle</b><br>Test class: testcases.HomePageTest<br>Test method: verify HomePage title</td>
<td></td>
<td>0</td>
<td>testcases.HomePageTest@710f4dc7</td></tr>
<tr>
<td title='testcases.SearchResultTest.verifySearchResultHeaderPage()'><b>verifySearchResultHeaderPage</b><br>Test class: testcases.SearchResultTest<br>Test method: Pick A gift Card from NavBar</td>
<td></td>
<td>2</td>
<td>testcases.SearchResultTest@7d20d0b</td></tr>
<tr>
<td title='testcases.NavBarPageTest.pickGiftFromInputBox()'><b>pickGiftFromInputBox</b><br>Test class: testcases.NavBarPageTest<br>Parameters: sport</td>
<td></td>
<td>0</td>
<td>testcases.NavBarPageTest@24313fcc</td></tr>
<tr>
<td title='testcases.GiftCardPageTest.catchingJSErrorOnBlankMoneyBox()'><b>catchingJSErrorOnBlankMoneyBox</b><br>Test class: testcases.GiftCardPageTest</td>
<td></td>
<td>0</td>
<td>testcases.GiftCardPageTest@77f1baf5</td></tr>
<tr>
<td title='testcases.HomePageTest.verifyLogoPresent()'><b>verifyLogoPresent</b><br>Test class: testcases.HomePageTest<br>Test method: verify logo is present in HomePage</td>
<td></td>
<td>0</td>
<td>testcases.HomePageTest@710f4dc7</td></tr>
<tr>
<td title='testcases.SearchResultTest.pickGiftCardFromTopCategories()'><b>pickGiftCardFromTopCategories</b><br>Test class: testcases.SearchResultTest<br>Test method: Pick Gift Card from Top categories</td>
<td></td>
<td>1</td>
<td>testcases.SearchResultTest@7d20d0b</td></tr>
<tr>
<td title='testcases.HomePageTest.verifySiteURL()'><b>verifySiteURL</b><br>Test class: testcases.HomePageTest<br>Test method: verify site url</td>
<td></td>
<td>0</td>
<td>testcases.HomePageTest@710f4dc7</td></tr>
<tr>
<td title='testcases.NavBarPageTest.pickGiftFromInputBox()'><b>pickGiftFromInputBox</b><br>Test class: testcases.NavBarPageTest<br>Parameters: wine</td>
<td></td>
<td>0</td>
<td>testcases.NavBarPageTest@24313fcc</td></tr>
<tr>
<td title='testcases.SearchResultTest.pickGiftFromMainCategories()'><b>pickGiftFromMainCategories</b><br>Test class: testcases.SearchResultTest<br>Test method: Pick gift Card from main Categories</td>
<td></td>
<td>2</td>
<td>testcases.SearchResultTest@7d20d0b</td></tr>
<tr>
<td title='testcases.NavBarPageTest.pickGiftFromInputBox()'><b>pickGiftFromInputBox</b><br>Test class: testcases.NavBarPageTest<br>Parameters: Extreme</td>
<td></td>
<td>0</td>
<td>testcases.NavBarPageTest@24313fcc</td></tr>
<tr>
<td title='testcases.WhoToSendPageTest.verifyWhoToSendPage()'><b>verifyWhoToSendPage</b><br>Test class: testcases.WhoToSendPageTest</td>
<td></td>
<td>0</td>
<td>testcases.WhoToSendPageTest@41a2befb</td></tr>
<tr>
<td title='testcases.NavBarPageTest.searchGiftFromInputBoxSuggest()'><b>searchGiftFromInputBoxSuggest</b><br>Test class: testcases.NavBarPageTest<br>Test method: Test navbar inputBox with autoComplete suggest Pick</td>
<td></td>
<td>1</td>
<td>testcases.NavBarPageTest@24313fcc</td></tr>
<tr>
<td title='testcases.EndToEnd.testProcess()'><b>testProcess</b><br>Test class: testcases.EndToEnd</td>
<td></td>
<td>8</td>
<td>testcases.EndToEnd@131ef10</td></tr>
<tr>
<td title='testcases.WhoToSendPageTest.verifyGiftPriceChange()'><b>verifyGiftPriceChange</b><br>Test class: testcases.WhoToSendPageTest</td>
<td></td>
<td>0</td>
<td>testcases.WhoToSendPageTest@41a2befb</td></tr>
<tr>
<td title='testcases.WhoToSendPageTest.setWhoToSendPage()'><b>setWhoToSendPage</b><br>Test class: testcases.WhoToSendPageTest</td>
<td></td>
<td>0</td>
<td>testcases.WhoToSendPageTest@41a2befb</td></tr>
<tr>
<td title='testcases.WhoToSendPageTest.VerifySomeoneElseCheckBox()'><b>VerifySomeoneElseCheckBox</b><br>Test class: testcases.WhoToSendPageTest</td>
<td></td>
<td>0</td>
<td>testcases.WhoToSendPageTest@41a2befb</td></tr>
<tr>
<td title='testcases.HowToSendPageTest.setWhoToSendPage()'><b>setWhoToSendPage</b><br>Test class: testcases.HowToSendPageTest</td>
<td></td>
<td>5</td>
<td>testcases.HowToSendPageTest@6c40365c</td></tr>
<tr>
<td title='testcases.WhoToSendPageTest.verifyForMySelfCheckBoxImgResponse()'><b>verifyForMySelfCheckBoxImgResponse</b><br>Test class: testcases.WhoToSendPageTest</td>
<td></td>
<td>0</td>
<td>testcases.WhoToSendPageTest@41a2befb</td></tr>
</table><p>
</body>
</html>